[2m2023-05-22 21:48:06.336[0;39m [32m INFO[0;39m [35m22324[0;39m [2m---[0;39m [2m[  restartedMain][0;39m [36mcom.ssafy.trip.EnjoyTripApplication     [0;39m [2m:[0;39m Starting EnjoyTripApplication using Java 1.8.0_192 on DESKTOP-YSM with PID 22324 (C:\Users\유승민\Desktop\파이널 관통\springboot\enjoytrip-backend\target\classes started by 유승민 in C:\Users\유승민\Desktop\파이널 관통\springboot\enjoytrip-backend)
[2m2023-05-22 21:48:06.338[0;39m [32mDEBUG[0;39m [35m22324[0;39m [2m---[0;39m [2m[  restartedMain][0;39m [36mcom.ssafy.trip.EnjoyTripApplication     [0;39m [2m:[0;39m Running with Spring Boot v2.7.11, Spring v5.3.27
[2m2023-05-22 21:48:06.339[0;39m [32m INFO[0;39m [35m22324[0;39m [2m---[0;39m [2m[  restartedMain][0;39m [36mcom.ssafy.trip.EnjoyTripApplication     [0;39m [2m:[0;39m No active profile set, falling back to 1 default profile: "default"
[2m2023-05-22 21:48:06.376[0;39m [32m INFO[0;39m [35m22324[0;39m [2m---[0;39m [2m[  restartedMain][0;39m [36m.e.DevToolsPropertyDefaultsPostProcessor[0;39m [2m:[0;39m Devtools property defaults active! Set 'spring.devtools.add-properties' to 'false' to disable
[2m2023-05-22 21:48:06.376[0;39m [32m INFO[0;39m [35m22324[0;39m [2m---[0;39m [2m[  restartedMain][0;39m [36m.e.DevToolsPropertyDefaultsPostProcessor[0;39m [2m:[0;39m For additional web related logging consider setting the 'logging.level.web' property to 'DEBUG'
[2m2023-05-22 21:48:07.309[0;39m [32m INFO[0;39m [35m22324[0;39m [2m---[0;39m [2m[  restartedMain][0;39m [36mo.s.b.w.embedded.tomcat.TomcatWebServer [0;39m [2m:[0;39m Tomcat initialized with port(s): 9999 (http)
[2m2023-05-22 21:48:07.460[0;39m [32m INFO[0;39m [35m22324[0;39m [2m---[0;39m [2m[  restartedMain][0;39m [36mw.s.c.ServletWebServerApplicationContext[0;39m [2m:[0;39m Root WebApplicationContext: initialization completed in 1084 ms
[2m2023-05-22 21:48:07.952[0;39m [32m INFO[0;39m [35m22324[0;39m [2m---[0;39m [2m[  restartedMain][0;39m [36mo.s.b.d.a.OptionalLiveReloadServer      [0;39m [2m:[0;39m LiveReload server is running on port 35729
[2m2023-05-22 21:48:08.081[0;39m [32m INFO[0;39m [35m22324[0;39m [2m---[0;39m [2m[  restartedMain][0;39m [36mo.s.b.w.embedded.tomcat.TomcatWebServer [0;39m [2m:[0;39m Tomcat started on port(s): 9999 (http) with context path ''
[2m2023-05-22 21:48:08.262[0;39m [32m INFO[0;39m [35m22324[0;39m [2m---[0;39m [2m[  restartedMain][0;39m [36mcom.ssafy.trip.EnjoyTripApplication     [0;39m [2m:[0;39m Started EnjoyTripApplication in 2.153 seconds (JVM running for 2.861)
[2m2023-05-22 21:57:34.992[0;39m [32m INFO[0;39m [35m22324[0;39m [2m---[0;39m [2m[   File Watcher][0;39m [36mrtingClassPathChangeChangedEventListener[0;39m [2m:[0;39m Restarting due to 1 class path change (0 additions, 0 deletions, 1 modification)
[2m2023-05-22 21:57:35.397[0;39m [32m INFO[0;39m [35m22324[0;39m [2m---[0;39m [2m[  restartedMain][0;39m [36mcom.ssafy.trip.EnjoyTripApplication     [0;39m [2m:[0;39m Starting EnjoyTripApplication using Java 1.8.0_192 on DESKTOP-YSM with PID 22324 (C:\Users\유승민\Desktop\파이널 관통\springboot\enjoytrip-backend\target\classes started by 유승민 in C:\Users\유승민\Desktop\파이널 관통\springboot\enjoytrip-backend)
[2m2023-05-22 21:57:35.397[0;39m [32mDEBUG[0;39m [35m22324[0;39m [2m---[0;39m [2m[  restartedMain][0;39m [36mcom.ssafy.trip.EnjoyTripApplication     [0;39m [2m:[0;39m Running with Spring Boot v2.7.11, Spring v5.3.27
[2m2023-05-22 21:57:35.397[0;39m [32m INFO[0;39m [35m22324[0;39m [2m---[0;39m [2m[  restartedMain][0;39m [36mcom.ssafy.trip.EnjoyTripApplication     [0;39m [2m:[0;39m No active profile set, falling back to 1 default profile: "default"
[2m2023-05-22 21:57:35.679[0;39m [32m INFO[0;39m [35m22324[0;39m [2m---[0;39m [2m[  restartedMain][0;39m [36mo.s.b.w.embedded.tomcat.TomcatWebServer [0;39m [2m:[0;39m Tomcat initialized with port(s): 9999 (http)
[2m2023-05-22 21:57:35.732[0;39m [32m INFO[0;39m [35m22324[0;39m [2m---[0;39m [2m[  restartedMain][0;39m [36mw.s.c.ServletWebServerApplicationContext[0;39m [2m:[0;39m Root WebApplicationContext: initialization completed in 332 ms
[2m2023-05-22 21:57:35.846[0;39m [32m INFO[0;39m [35m22324[0;39m [2m---[0;39m [2m[  restartedMain][0;39m [36mo.s.b.d.a.OptionalLiveReloadServer      [0;39m [2m:[0;39m LiveReload server is running on port 35729
[2m2023-05-22 21:57:35.883[0;39m [32m INFO[0;39m [35m22324[0;39m [2m---[0;39m [2m[  restartedMain][0;39m [36mo.s.b.w.embedded.tomcat.TomcatWebServer [0;39m [2m:[0;39m Tomcat started on port(s): 9999 (http) with context path ''
[2m2023-05-22 21:57:35.938[0;39m [32m INFO[0;39m [35m22324[0;39m [2m---[0;39m [2m[  restartedMain][0;39m [36mcom.ssafy.trip.EnjoyTripApplication     [0;39m [2m:[0;39m Started EnjoyTripApplication in 0.569 seconds (JVM running for 570.537)
[2m2023-05-22 21:57:35.940[0;39m [32m INFO[0;39m [35m22324[0;39m [2m---[0;39m [2m[  restartedMain][0;39m [36m.ConditionEvaluationDeltaLoggingListener[0;39m [2m:[0;39m Condition evaluation unchanged
[2m2023-05-22 22:13:04.313[0;39m [32m INFO[0;39m [35m22324[0;39m [2m---[0;39m [2m[   File Watcher][0;39m [36mrtingClassPathChangeChangedEventListener[0;39m [2m:[0;39m Restarting due to 1 class path change (0 additions, 0 deletions, 1 modification)
[2m2023-05-22 22:13:04.675[0;39m [32m INFO[0;39m [35m22324[0;39m [2m---[0;39m [2m[  restartedMain][0;39m [36mcom.ssafy.trip.EnjoyTripApplication     [0;39m [2m:[0;39m Starting EnjoyTripApplication using Java 1.8.0_192 on DESKTOP-YSM with PID 22324 (C:\Users\유승민\Desktop\파이널 관통\springboot\enjoytrip-backend\target\classes started by 유승민 in C:\Users\유승민\Desktop\파이널 관통\springboot\enjoytrip-backend)
[2m2023-05-22 22:13:04.675[0;39m [32mDEBUG[0;39m [35m22324[0;39m [2m---[0;39m [2m[  restartedMain][0;39m [36mcom.ssafy.trip.EnjoyTripApplication     [0;39m [2m:[0;39m Running with Spring Boot v2.7.11, Spring v5.3.27
[2m2023-05-22 22:13:04.675[0;39m [32m INFO[0;39m [35m22324[0;39m [2m---[0;39m [2m[  restartedMain][0;39m [36mcom.ssafy.trip.EnjoyTripApplication     [0;39m [2m:[0;39m No active profile set, falling back to 1 default profile: "default"
[2m2023-05-22 22:13:04.939[0;39m [32m INFO[0;39m [35m22324[0;39m [2m---[0;39m [2m[  restartedMain][0;39m [36mo.s.b.w.embedded.tomcat.TomcatWebServer [0;39m [2m:[0;39m Tomcat initialized with port(s): 9999 (http)
[2m2023-05-22 22:13:04.993[0;39m [32m INFO[0;39m [35m22324[0;39m [2m---[0;39m [2m[  restartedMain][0;39m [36mw.s.c.ServletWebServerApplicationContext[0;39m [2m:[0;39m Root WebApplicationContext: initialization completed in 316 ms
[2m2023-05-22 22:13:05.100[0;39m [32m INFO[0;39m [35m22324[0;39m [2m---[0;39m [2m[  restartedMain][0;39m [36mo.s.b.d.a.OptionalLiveReloadServer      [0;39m [2m:[0;39m LiveReload server is running on port 35729
[2m2023-05-22 22:13:05.136[0;39m [32m INFO[0;39m [35m22324[0;39m [2m---[0;39m [2m[  restartedMain][0;39m [36mo.s.b.w.embedded.tomcat.TomcatWebServer [0;39m [2m:[0;39m Tomcat started on port(s): 9999 (http) with context path ''
[2m2023-05-22 22:13:05.180[0;39m [32m INFO[0;39m [35m22324[0;39m [2m---[0;39m [2m[  restartedMain][0;39m [36mcom.ssafy.trip.EnjoyTripApplication     [0;39m [2m:[0;39m Started EnjoyTripApplication in 0.531 seconds (JVM running for 1499.78)
[2m2023-05-22 22:13:05.181[0;39m [32m INFO[0;39m [35m22324[0;39m [2m---[0;39m [2m[  restartedMain][0;39m [36m.ConditionEvaluationDeltaLoggingListener[0;39m [2m:[0;39m Condition evaluation unchanged
[2m2023-05-22 22:13:06.587[0;39m [32m INFO[0;39m [35m22324[0;39m [2m---[0;39m [2m[   File Watcher][0;39m [36mrtingClassPathChangeChangedEventListener[0;39m [2m:[0;39m Restarting due to 1 class path change (0 additions, 0 deletions, 1 modification)
[2m2023-05-22 22:13:06.885[0;39m [32m INFO[0;39m [35m22324[0;39m [2m---[0;39m [2m[  restartedMain][0;39m [36mcom.ssafy.trip.EnjoyTripApplication     [0;39m [2m:[0;39m Starting EnjoyTripApplication using Java 1.8.0_192 on DESKTOP-YSM with PID 22324 (C:\Users\유승민\Desktop\파이널 관통\springboot\enjoytrip-backend\target\classes started by 유승민 in C:\Users\유승민\Desktop\파이널 관통\springboot\enjoytrip-backend)
[2m2023-05-22 22:13:06.886[0;39m [32mDEBUG[0;39m [35m22324[0;39m [2m---[0;39m [2m[  restartedMain][0;39m [36mcom.ssafy.trip.EnjoyTripApplication     [0;39m [2m:[0;39m Running with Spring Boot v2.7.11, Spring v5.3.27
[2m2023-05-22 22:13:06.886[0;39m [32m INFO[0;39m [35m22324[0;39m [2m---[0;39m [2m[  restartedMain][0;39m [36mcom.ssafy.trip.EnjoyTripApplication     [0;39m [2m:[0;39m No active profile set, falling back to 1 default profile: "default"
[2m2023-05-22 22:13:07.106[0;39m [32m INFO[0;39m [35m22324[0;39m [2m---[0;39m [2m[  restartedMain][0;39m [36mo.s.b.w.embedded.tomcat.TomcatWebServer [0;39m [2m:[0;39m Tomcat initialized with port(s): 9999 (http)
[2m2023-05-22 22:13:07.146[0;39m [32m INFO[0;39m [35m22324[0;39m [2m---[0;39m [2m[  restartedMain][0;39m [36mw.s.c.ServletWebServerApplicationContext[0;39m [2m:[0;39m Root WebApplicationContext: initialization completed in 259 ms
[2m2023-05-22 22:13:07.250[0;39m [32m INFO[0;39m [35m22324[0;39m [2m---[0;39m [2m[  restartedMain][0;39m [36mo.s.b.d.a.OptionalLiveReloadServer      [0;39m [2m:[0;39m LiveReload server is running on port 35729
[2m2023-05-22 22:13:07.285[0;39m [32m INFO[0;39m [35m22324[0;39m [2m---[0;39m [2m[  restartedMain][0;39m [36mo.s.b.w.embedded.tomcat.TomcatWebServer [0;39m [2m:[0;39m Tomcat started on port(s): 9999 (http) with context path ''
[2m2023-05-22 22:13:07.328[0;39m [32m INFO[0;39m [35m22324[0;39m [2m---[0;39m [2m[  restartedMain][0;39m [36mcom.ssafy.trip.EnjoyTripApplication     [0;39m [2m:[0;39m Started EnjoyTripApplication in 0.463 seconds (JVM running for 1501.927)
[2m2023-05-22 22:13:07.329[0;39m [32m INFO[0;39m [35m22324[0;39m [2m---[0;39m [2m[  restartedMain][0;39m [36m.ConditionEvaluationDeltaLoggingListener[0;39m [2m:[0;39m Condition evaluation unchanged
[2m2023-05-22 22:14:34.761[0;39m [32m INFO[0;39m [35m22324[0;39m [2m---[0;39m [2m[   File Watcher][0;39m [36mrtingClassPathChangeChangedEventListener[0;39m [2m:[0;39m Restarting due to 1 class path change (0 additions, 0 deletions, 1 modification)
[2m2023-05-22 22:14:35.105[0;39m [32m INFO[0;39m [35m22324[0;39m [2m---[0;39m [2m[  restartedMain][0;39m [36mcom.ssafy.trip.EnjoyTripApplication     [0;39m [2m:[0;39m Starting EnjoyTripApplication using Java 1.8.0_192 on DESKTOP-YSM with PID 22324 (C:\Users\유승민\Desktop\파이널 관통\springboot\enjoytrip-backend\target\classes started by 유승민 in C:\Users\유승민\Desktop\파이널 관통\springboot\enjoytrip-backend)
[2m2023-05-22 22:14:35.106[0;39m [32mDEBUG[0;39m [35m22324[0;39m [2m---[0;39m [2m[  restartedMain][0;39m [36mcom.ssafy.trip.EnjoyTripApplication     [0;39m [2m:[0;39m Running with Spring Boot v2.7.11, Spring v5.3.27
[2m2023-05-22 22:14:35.106[0;39m [32m INFO[0;39m [35m22324[0;39m [2m---[0;39m [2m[  restartedMain][0;39m [36mcom.ssafy.trip.EnjoyTripApplication     [0;39m [2m:[0;39m No active profile set, falling back to 1 default profile: "default"
[2m2023-05-22 22:14:35.364[0;39m [32m INFO[0;39m [35m22324[0;39m [2m---[0;39m [2m[  restartedMain][0;39m [36mo.s.b.w.embedded.tomcat.TomcatWebServer [0;39m [2m:[0;39m Tomcat initialized with port(s): 9999 (http)
[2m2023-05-22 22:14:35.408[0;39m [32m INFO[0;39m [35m22324[0;39m [2m---[0;39m [2m[  restartedMain][0;39m [36mw.s.c.ServletWebServerApplicationContext[0;39m [2m:[0;39m Root WebApplicationContext: initialization completed in 301 ms
[2m2023-05-22 22:14:35.502[0;39m [32m INFO[0;39m [35m22324[0;39m [2m---[0;39m [2m[  restartedMain][0;39m [36mo.s.b.d.a.OptionalLiveReloadServer      [0;39m [2m:[0;39m LiveReload server is running on port 35729
[2m2023-05-22 22:14:35.536[0;39m [32m INFO[0;39m [35m22324[0;39m [2m---[0;39m [2m[  restartedMain][0;39m [36mo.s.b.w.embedded.tomcat.TomcatWebServer [0;39m [2m:[0;39m Tomcat started on port(s): 9999 (http) with context path ''
[2m2023-05-22 22:14:35.573[0;39m [32m INFO[0;39m [35m22324[0;39m [2m---[0;39m [2m[  restartedMain][0;39m [36mcom.ssafy.trip.EnjoyTripApplication     [0;39m [2m:[0;39m Started EnjoyTripApplication in 0.491 seconds (JVM running for 1590.173)
[2m2023-05-22 22:14:35.574[0;39m [32m INFO[0;39m [35m22324[0;39m [2m---[0;39m [2m[  restartedMain][0;39m [36m.ConditionEvaluationDeltaLoggingListener[0;39m [2m:[0;39m Condition evaluation unchanged
[2m2023-05-22 22:18:46.024[0;39m [32m INFO[0;39m [35m22324[0;39m [2m---[0;39m [2m[   File Watcher][0;39m [36mrtingClassPathChangeChangedEventListener[0;39m [2m:[0;39m Restarting due to 1 class path change (0 additions, 0 deletions, 1 modification)
[2m2023-05-22 22:18:46.368[0;39m [32m INFO[0;39m [35m22324[0;39m [2m---[0;39m [2m[  restartedMain][0;39m [36mcom.ssafy.trip.EnjoyTripApplication     [0;39m [2m:[0;39m Starting EnjoyTripApplication using Java 1.8.0_192 on DESKTOP-YSM with PID 22324 (C:\Users\유승민\Desktop\파이널 관통\springboot\enjoytrip-backend\target\classes started by 유승민 in C:\Users\유승민\Desktop\파이널 관통\springboot\enjoytrip-backend)
[2m2023-05-22 22:18:46.368[0;39m [32mDEBUG[0;39m [35m22324[0;39m [2m---[0;39m [2m[  restartedMain][0;39m [36mcom.ssafy.trip.EnjoyTripApplication     [0;39m [2m:[0;39m Running with Spring Boot v2.7.11, Spring v5.3.27
[2m2023-05-22 22:18:46.368[0;39m [32m INFO[0;39m [35m22324[0;39m [2m---[0;39m [2m[  restartedMain][0;39m [36mcom.ssafy.trip.EnjoyTripApplication     [0;39m [2m:[0;39m No active profile set, falling back to 1 default profile: "default"
[2m2023-05-22 22:18:46.624[0;39m [32m INFO[0;39m [35m22324[0;39m [2m---[0;39m [2m[  restartedMain][0;39m [36mo.s.b.w.embedded.tomcat.TomcatWebServer [0;39m [2m:[0;39m Tomcat initialized with port(s): 9999 (http)
[2m2023-05-22 22:18:46.669[0;39m [32m INFO[0;39m [35m22324[0;39m [2m---[0;39m [2m[  restartedMain][0;39m [36mw.s.c.ServletWebServerApplicationContext[0;39m [2m:[0;39m Root WebApplicationContext: initialization completed in 299 ms
[2m2023-05-22 22:18:46.766[0;39m [32m INFO[0;39m [35m22324[0;39m [2m---[0;39m [2m[  restartedMain][0;39m [36mo.s.b.d.a.OptionalLiveReloadServer      [0;39m [2m:[0;39m LiveReload server is running on port 35729
[2m2023-05-22 22:18:46.801[0;39m [32m INFO[0;39m [35m22324[0;39m [2m---[0;39m [2m[  restartedMain][0;39m [36mo.s.b.w.embedded.tomcat.TomcatWebServer [0;39m [2m:[0;39m Tomcat started on port(s): 9999 (http) with context path ''
[2m2023-05-22 22:18:46.838[0;39m [32m INFO[0;39m [35m22324[0;39m [2m---[0;39m [2m[  restartedMain][0;39m [36mcom.ssafy.trip.EnjoyTripApplication     [0;39m [2m:[0;39m Started EnjoyTripApplication in 0.493 seconds (JVM running for 1841.438)
[2m2023-05-22 22:18:46.839[0;39m [32m INFO[0;39m [35m22324[0;39m [2m---[0;39m [2m[  restartedMain][0;39m [36m.ConditionEvaluationDeltaLoggingListener[0;39m [2m:[0;39m Condition evaluation unchanged
[2m2023-05-22 22:22:02.690[0;39m [32m INFO[0;39m [35m22324[0;39m [2m---[0;39m [2m[   File Watcher][0;39m [36mrtingClassPathChangeChangedEventListener[0;39m [2m:[0;39m Restarting due to 1 class path change (0 additions, 0 deletions, 1 modification)
[2m2023-05-22 22:22:03.010[0;39m [32m INFO[0;39m [35m22324[0;39m [2m---[0;39m [2m[  restartedMain][0;39m [36mcom.ssafy.trip.EnjoyTripApplication     [0;39m [2m:[0;39m Starting EnjoyTripApplication using Java 1.8.0_192 on DESKTOP-YSM with PID 22324 (C:\Users\유승민\Desktop\파이널 관통\springboot\enjoytrip-backend\target\classes started by 유승민 in C:\Users\유승민\Desktop\파이널 관통\springboot\enjoytrip-backend)
[2m2023-05-22 22:22:03.010[0;39m [32mDEBUG[0;39m [35m22324[0;39m [2m---[0;39m [2m[  restartedMain][0;39m [36mcom.ssafy.trip.EnjoyTripApplication     [0;39m [2m:[0;39m Running with Spring Boot v2.7.11, Spring v5.3.27
[2m2023-05-22 22:22:03.010[0;39m [32m INFO[0;39m [35m22324[0;39m [2m---[0;39m [2m[  restartedMain][0;39m [36mcom.ssafy.trip.EnjoyTripApplication     [0;39m [2m:[0;39m No active profile set, falling back to 1 default profile: "default"
[2m2023-05-22 22:22:03.250[0;39m [32m INFO[0;39m [35m22324[0;39m [2m---[0;39m [2m[  restartedMain][0;39m [36mo.s.b.w.embedded.tomcat.TomcatWebServer [0;39m [2m:[0;39m Tomcat initialized with port(s): 9999 (http)
[2m2023-05-22 22:22:03.292[0;39m [32m INFO[0;39m [35m22324[0;39m [2m---[0;39m [2m[  restartedMain][0;39m [36mw.s.c.ServletWebServerApplicationContext[0;39m [2m:[0;39m Root WebApplicationContext: initialization completed in 281 ms
[2m2023-05-22 22:22:03.383[0;39m [32m INFO[0;39m [35m22324[0;39m [2m---[0;39m [2m[  restartedMain][0;39m [36mo.s.b.d.a.OptionalLiveReloadServer      [0;39m [2m:[0;39m LiveReload server is running on port 35729
[2m2023-05-22 22:22:03.415[0;39m [32m INFO[0;39m [35m22324[0;39m [2m---[0;39m [2m[  restartedMain][0;39m [36mo.s.b.w.embedded.tomcat.TomcatWebServer [0;39m [2m:[0;39m Tomcat started on port(s): 9999 (http) with context path ''
[2m2023-05-22 22:22:03.450[0;39m [32m INFO[0;39m [35m22324[0;39m [2m---[0;39m [2m[  restartedMain][0;39m [36mcom.ssafy.trip.EnjoyTripApplication     [0;39m [2m:[0;39m Started EnjoyTripApplication in 0.466 seconds (JVM running for 2038.05)
[2m2023-05-22 22:22:03.451[0;39m [32m INFO[0;39m [35m22324[0;39m [2m---[0;39m [2m[  restartedMain][0;39m [36m.ConditionEvaluationDeltaLoggingListener[0;39m [2m:[0;39m Condition evaluation unchanged
[2m2023-05-22 22:22:49.897[0;39m [32m INFO[0;39m [35m22324[0;39m [2m---[0;39m [2m[   File Watcher][0;39m [36mrtingClassPathChangeChangedEventListener[0;39m [2m:[0;39m Restarting due to 1 class path change (0 additions, 0 deletions, 1 modification)
[2m2023-05-22 22:22:50.218[0;39m [32m INFO[0;39m [35m22324[0;39m [2m---[0;39m [2m[  restartedMain][0;39m [36mcom.ssafy.trip.EnjoyTripApplication     [0;39m [2m:[0;39m Starting EnjoyTripApplication using Java 1.8.0_192 on DESKTOP-YSM with PID 22324 (C:\Users\유승민\Desktop\파이널 관통\springboot\enjoytrip-backend\target\classes started by 유승민 in C:\Users\유승민\Desktop\파이널 관통\springboot\enjoytrip-backend)
[2m2023-05-22 22:22:50.218[0;39m [32mDEBUG[0;39m [35m22324[0;39m [2m---[0;39m [2m[  restartedMain][0;39m [36mcom.ssafy.trip.EnjoyTripApplication     [0;39m [2m:[0;39m Running with Spring Boot v2.7.11, Spring v5.3.27
[2m2023-05-22 22:22:50.218[0;39m [32m INFO[0;39m [35m22324[0;39m [2m---[0;39m [2m[  restartedMain][0;39m [36mcom.ssafy.trip.EnjoyTripApplication     [0;39m [2m:[0;39m No active profile set, falling back to 1 default profile: "default"
[2m2023-05-22 22:22:50.474[0;39m [32m INFO[0;39m [35m22324[0;39m [2m---[0;39m [2m[  restartedMain][0;39m [36mo.s.b.w.embedded.tomcat.TomcatWebServer [0;39m [2m:[0;39m Tomcat initialized with port(s): 9999 (http)
[2m2023-05-22 22:22:50.518[0;39m [32m INFO[0;39m [35m22324[0;39m [2m---[0;39m [2m[  restartedMain][0;39m [36mw.s.c.ServletWebServerApplicationContext[0;39m [2m:[0;39m Root WebApplicationContext: initialization completed in 298 ms
[2m2023-05-22 22:22:50.613[0;39m [32m INFO[0;39m [35m22324[0;39m [2m---[0;39m [2m[  restartedMain][0;39m [36mo.s.b.d.a.OptionalLiveReloadServer      [0;39m [2m:[0;39m LiveReload server is running on port 35729
[2m2023-05-22 22:22:50.647[0;39m [32m INFO[0;39m [35m22324[0;39m [2m---[0;39m [2m[  restartedMain][0;39m [36mo.s.b.w.embedded.tomcat.TomcatWebServer [0;39m [2m:[0;39m Tomcat started on port(s): 9999 (http) with context path ''
[2m2023-05-22 22:22:50.683[0;39m [32m INFO[0;39m [35m22324[0;39m [2m---[0;39m [2m[  restartedMain][0;39m [36mcom.ssafy.trip.EnjoyTripApplication     [0;39m [2m:[0;39m Started EnjoyTripApplication in 0.489 seconds (JVM running for 2085.283)
[2m2023-05-22 22:22:50.684[0;39m [32m INFO[0;39m [35m22324[0;39m [2m---[0;39m [2m[  restartedMain][0;39m [36m.ConditionEvaluationDeltaLoggingListener[0;39m [2m:[0;39m Condition evaluation unchanged
[2m2023-05-22 22:23:11.862[0;39m [32m INFO[0;39m [35m22324[0;39m [2m---[0;39m [2m[on(2)-127.0.0.1][0;39m [36minMXBeanRegistrar$SpringApplicationAdmin[0;39m [2m:[0;39m Application shutdown requested.
